<?xml version="1.0" encoding="UTF-8"?>
<testng-results ignored="0" total="3" passed="3" failed="0" skipped="0">
  <reporter-output>
  </reporter-output>
  <suite started-at="2024-09-27T07:17:12 UTC" name="Page Object test example" finished-at="2024-09-27T07:17:37 UTC" duration-ms="25078">
    <groups>
    </groups>
    <test started-at="2024-09-27T07:17:12 UTC" name="test-1" finished-at="2024-09-27T07:17:37 UTC" duration-ms="25078">
      <class name="com.WebOrders.test.WebOrders_Login">
        <test-method is-config="true" signature="SetUp(java.lang.String)[pri:0, instance:com.WebOrders.test.WebOrders_Login@71d44a3]" started-at="2024-09-27T07:17:12 UTC" name="SetUp" finished-at="2024-09-27T07:17:12 UTC" duration-ms="246" status="PASS">
          <params>
            <param index="0">
              <value>
                <![CDATA[chrome]]>
              </value>
            </param>
          </params>
          <reporter-output>
          </reporter-output>
        </test-method> <!-- SetUp -->
        <test-method is-config="true" signature="initializeTestBaseSetup(java.lang.String,java.lang.String)[pri:0, instance:com.WebOrders.test.WebOrders_Login@71d44a3]" started-at="2024-09-27T07:17:12 UTC" name="initializeTestBaseSetup" finished-at="2024-09-27T07:17:15 UTC" duration-ms="3155" status="PASS">
          <params>
            <param index="0">
              <value>
                <![CDATA[chrome]]>
              </value>
            </param>
            <param index="1">
              <value>
                <![CDATA[http://secure.smartbearsoftware.com/samples/TestComplete11/WebOrders/Login.aspx?ReturnUrl=%2fsamples%2fTestComplete11%2fWebOrders%2fDefault.aspx]]>
              </value>
            </param>
          </params>
          <reporter-output>
          </reporter-output>
        </test-method> <!-- initializeTestBaseSetup -->
        <test-method is-config="true" signature="setUp()[pri:0, instance:com.WebOrders.test.WebOrders_Login@71d44a3]" started-at="2024-09-27T07:17:15 UTC" name="setUp" finished-at="2024-09-27T07:17:15 UTC" duration-ms="42" status="PASS">
          <reporter-output>
          </reporter-output>
        </test-method> <!-- setUp -->
        <test-method signature="loginTest()[pri:1, instance:com.WebOrders.test.WebOrders_Login@71d44a3]" started-at="2024-09-27T07:17:15 UTC" name="loginTest" description="Login and validate the WebOrder Homepage Text" finished-at="2024-09-27T07:17:22 UTC" duration-ms="7084" status="PASS">
          <reporter-output>
          </reporter-output>
        </test-method> <!-- loginTest -->
        <test-method is-config="true" signature="takeScreenshot(org.testng.ITestResult)[pri:0, instance:com.WebOrders.test.WebOrders_Login@71d44a3]" started-at="2024-09-27T07:17:22 UTC" name="takeScreenshot" finished-at="2024-09-27T07:17:22 UTC" duration-ms="12" status="PASS">
          <params>
            <param index="0">
              <value>
                <![CDATA[[TestResult name=loginTest status=SUCCESS method=WebOrders_Login.loginTest()[pri:1, instance:com.WebOrders.test.WebOrders_Login@71d44a3] output={null}]]]>
              </value>
            </param>
          </params>
          <reporter-output>
          </reporter-output>
        </test-method> <!-- takeScreenshot -->
        <test-method signature="urlTest()[pri:2, instance:com.WebOrders.test.WebOrders_Login@71d44a3]" started-at="2024-09-27T07:17:22 UTC" name="urlTest" description="validateURL() method call for URL verification" finished-at="2024-09-27T07:17:29 UTC" duration-ms="6438" status="PASS">
          <reporter-output>
          </reporter-output>
        </test-method> <!-- urlTest -->
        <test-method is-config="true" signature="takeScreenshot(org.testng.ITestResult)[pri:0, instance:com.WebOrders.test.WebOrders_Login@71d44a3]" started-at="2024-09-27T07:17:29 UTC" name="takeScreenshot" finished-at="2024-09-27T07:17:29 UTC" duration-ms="0" status="PASS">
          <params>
            <param index="0">
              <value>
                <![CDATA[[TestResult name=urlTest status=SUCCESS method=WebOrders_Login.urlTest()[pri:2, instance:com.WebOrders.test.WebOrders_Login@71d44a3] output={null}]]]>
              </value>
            </param>
          </params>
          <reporter-output>
          </reporter-output>
        </test-method> <!-- takeScreenshot -->
        <test-method signature="verifyText()[pri:3, instance:com.WebOrders.test.WebOrders_Login@71d44a3]" started-at="2024-09-27T07:17:29 UTC" name="verifyText" description="validateURL() method call for URL verification" finished-at="2024-09-27T07:17:35 UTC" duration-ms="6586" status="PASS">
          <reporter-output>
          </reporter-output>
        </test-method> <!-- verifyText -->
        <test-method is-config="true" signature="takeScreenshot(org.testng.ITestResult)[pri:0, instance:com.WebOrders.test.WebOrders_Login@71d44a3]" started-at="2024-09-27T07:17:35 UTC" name="takeScreenshot" finished-at="2024-09-27T07:17:35 UTC" duration-ms="0" status="PASS">
          <params>
            <param index="0">
              <value>
                <![CDATA[[TestResult name=verifyText status=SUCCESS method=WebOrders_Login.verifyText()[pri:3, instance:com.WebOrders.test.WebOrders_Login@71d44a3] output={null}]]]>
              </value>
            </param>
          </params>
          <reporter-output>
          </reporter-output>
        </test-method> <!-- takeScreenshot -->
        <test-method is-config="true" signature="tearDown()[pri:0, instance:com.WebOrders.test.WebOrders_Login@71d44a3]" started-at="2024-09-27T07:17:35 UTC" name="tearDown" finished-at="2024-09-27T07:17:37 UTC" duration-ms="1486" status="PASS">
          <reporter-output>
          </reporter-output>
        </test-method> <!-- tearDown -->
      </class> <!-- com.WebOrders.test.WebOrders_Login -->
    </test> <!-- test-1 -->
  </suite> <!-- Page Object test example -->
</testng-results>
